2022-05-19 16:32:03,473 INFO  [main      ] [o.t.RestApiPractice10Application] - Starting RestApiPractice10Application using Java 1.8.0_321 on 192.168.nate.com with PID 1508 (/Users/hanlim_air/STS/Git/restApiPractice_Zotto/RestApiPractice-10-Inbody/bin/main started by hanlim_air in /Users/hanlim_air/STS/Git/restApiPractice_Zotto/RestApiPractice-10-Inbody)
2022-05-19 16:32:03,475 INFO  [main      ] [o.t.RestApiPractice10Application] - The following 2 profiles are active: "proj-default", "proj-air"
2022-05-19 16:32:04,213 INFO  [main      ] [o.s.d.r.c.RepositoryConfigurationDelegate] - Bootstrapping Spring Data JPA repositories in DEFAULT mode.
2022-05-19 16:32:04,228 INFO  [main      ] [o.s.d.r.c.RepositoryConfigurationDelegate] - Finished Spring Data repository scanning in 8 ms. Found 0 JPA repository interfaces.
2022-05-19 16:32:04,870 INFO  [main      ] [o.s.b.w.e.t.TomcatWebServer   ] - Tomcat initialized with port(s): 8088 (http)
2022-05-19 16:32:04,878 INFO  [main      ] [o.a.c.core.StandardService    ] - Starting service [Tomcat]
2022-05-19 16:32:04,878 INFO  [main      ] [o.a.c.core.StandardEngine     ] - Starting Servlet engine: [Apache Tomcat/9.0.62]
2022-05-19 16:32:05,416 INFO  [main      ] [o.a.c.c.C.[.[.[/v0.1]         ] - Initializing Spring embedded WebApplicationContext
2022-05-19 16:32:05,416 INFO  [main      ] [o.s.b.w.s.c.ServletWebServerApplicationContext] - Root WebApplicationContext: initialization completed in 1851 ms
2022-05-19 16:32:08,115 INFO  [main      ] [o.h.j.internal.util.LogHelper ] - HHH000204: Processing PersistenceUnitInfo [name: default]
2022-05-19 16:32:08,139 INFO  [main      ] [org.hibernate.Version         ] - HHH000412: Hibernate ORM core version 5.6.8.Final
2022-05-19 16:32:08,259 INFO  [main      ] [o.h.annotations.common.Version] - HCANN000001: Hibernate Commons Annotations {5.1.2.Final}
2022-05-19 16:32:10,624 WARN  [main      ] [o.h.e.j.e.i.JdbcEnvironmentInitiator] - HHH000342: Could not obtain connection to query metadata
org.h2.jdbc.JdbcSQLNonTransientConnectionException: Connection is broken: "java.net.ConnectException: Connection refused (Connection refused): localhost:9092" [90067-200]
	at org.h2.message.DbException.getJdbcSQLException(DbException.java:622)
	at org.h2.message.DbException.getJdbcSQLException(DbException.java:429)
	at org.h2.message.DbException.get(DbException.java:194)
	at org.h2.engine.SessionRemote.connectServer(SessionRemote.java:439)
	at org.h2.engine.SessionRemote.connectEmbeddedOrServer(SessionRemote.java:321)
	at org.h2.jdbc.JdbcConnection.<init>(JdbcConnection.java:173)
	at org.h2.jdbc.JdbcConnection.<init>(JdbcConnection.java:152)
	at org.h2.Driver.connect(Driver.java:69)
	at com.zaxxer.hikari.util.DriverDataSource.getConnection(DriverDataSource.java:138)
	at com.zaxxer.hikari.pool.PoolBase.newConnection(PoolBase.java:364)
	at com.zaxxer.hikari.pool.PoolBase.newPoolEntry(PoolBase.java:206)
	at com.zaxxer.hikari.pool.HikariPool.createPoolEntry(HikariPool.java:476)
	at com.zaxxer.hikari.pool.HikariPool.checkFailFast(HikariPool.java:561)
	at com.zaxxer.hikari.pool.HikariPool.<init>(HikariPool.java:115)
	at com.zaxxer.hikari.HikariDataSource.getConnection(HikariDataSource.java:112)
	at org.hibernate.engine.jdbc.connections.internal.DatasourceConnectionProviderImpl.getConnection(DatasourceConnectionProviderImpl.java:122)
	at org.hibernate.engine.jdbc.env.internal.JdbcEnvironmentInitiator$ConnectionProviderJdbcConnectionAccess.obtainConnection(JdbcEnvironmentInitiator.java:181)
	at org.hibernate.engine.jdbc.env.internal.JdbcEnvironmentInitiator.initiateService(JdbcEnvironmentInitiator.java:68)
	at org.hibernate.engine.jdbc.env.internal.JdbcEnvironmentInitiator.initiateService(JdbcEnvironmentInitiator.java:35)
	at org.hibernate.boot.registry.internal.StandardServiceRegistryImpl.initiateService(StandardServiceRegistryImpl.java:101)
	at org.hibernate.service.internal.AbstractServiceRegistryImpl.createService(AbstractServiceRegistryImpl.java:263)
	at org.hibernate.service.internal.AbstractServiceRegistryImpl.initializeService(AbstractServiceRegistryImpl.java:237)
	at org.hibernate.service.internal.AbstractServiceRegistryImpl.getService(AbstractServiceRegistryImpl.java:214)
	at org.hibernate.id.factory.internal.DefaultIdentifierGeneratorFactory.injectServices(DefaultIdentifierGeneratorFactory.java:175)
	at org.hibernate.service.internal.AbstractServiceRegistryImpl.injectDependencies(AbstractServiceRegistryImpl.java:286)
	at org.hibernate.service.internal.AbstractServiceRegistryImpl.initializeService(AbstractServiceRegistryImpl.java:243)
	at org.hibernate.service.internal.AbstractServiceRegistryImpl.getService(AbstractServiceRegistryImpl.java:214)
	at org.hibernate.boot.internal.InFlightMetadataCollectorImpl.<init>(InFlightMetadataCollectorImpl.java:173)
	at org.hibernate.boot.model.process.spi.MetadataBuildingProcess.complete(MetadataBuildingProcess.java:127)
	at org.hibernate.jpa.boot.internal.EntityManagerFactoryBuilderImpl.metadata(EntityManagerFactoryBuilderImpl.java:1460)
	at org.hibernate.jpa.boot.internal.EntityManagerFactoryBuilderImpl.build(EntityManagerFactoryBuilderImpl.java:1494)
	at org.springframework.orm.jpa.vendor.SpringHibernateJpaPersistenceProvider.createContainerEntityManagerFactory(SpringHibernateJpaPersistenceProvider.java:58)
	at org.springframework.orm.jpa.LocalContainerEntityManagerFactoryBean.createNativeEntityManagerFactory(LocalContainerEntityManagerFactoryBean.java:365)
	at org.springframework.orm.jpa.AbstractEntityManagerFactoryBean.buildNativeEntityManagerFactory(AbstractEntityManagerFactoryBean.java:409)
	at org.springframework.orm.jpa.AbstractEntityManagerFactoryBean.afterPropertiesSet(AbstractEntityManagerFactoryBean.java:396)
	at org.springframework.orm.jpa.LocalContainerEntityManagerFactoryBean.afterPropertiesSet(LocalContainerEntityManagerFactoryBean.java:341)
	at org.springframework.beans.factory.support.AbstractAutowireCapableBeanFactory.invokeInitMethods(AbstractAutowireCapableBeanFactory.java:1863)
	at org.springframework.beans.factory.support.AbstractAutowireCapableBeanFactory.initializeBean(AbstractAutowireCapableBeanFactory.java:1800)
	at org.springframework.beans.factory.support.AbstractAutowireCapableBeanFactory.doCreateBean(AbstractAutowireCapableBeanFactory.java:620)
	at org.springframework.beans.factory.support.AbstractAutowireCapableBeanFactory.createBean(AbstractAutowireCapableBeanFactory.java:542)
	at org.springframework.beans.factory.support.AbstractBeanFactory.lambda$doGetBean$0(AbstractBeanFactory.java:335)
	at org.springframework.beans.factory.support.DefaultSingletonBeanRegistry.getSingleton(DefaultSingletonBeanRegistry.java:234)
	at org.springframework.beans.factory.support.AbstractBeanFactory.doGetBean(AbstractBeanFactory.java:333)
	at org.springframework.beans.factory.support.AbstractBeanFactory.getBean(AbstractBeanFactory.java:208)
	at org.springframework.context.support.AbstractApplicationContext.getBean(AbstractApplicationContext.java:1154)
	at org.springframework.context.support.AbstractApplicationContext.finishBeanFactoryInitialization(AbstractApplicationContext.java:908)
	at org.springframework.context.support.AbstractApplicationContext.refresh(AbstractApplicationContext.java:583)
	at org.springframework.boot.web.servlet.context.ServletWebServerApplicationContext.refresh(ServletWebServerApplicationContext.java:145)
	at org.springframework.boot.SpringApplication.refresh(SpringApplication.java:740)
	at org.springframework.boot.SpringApplication.refreshContext(SpringApplication.java:415)
	at org.springframework.boot.SpringApplication.run(SpringApplication.java:303)
	at org.springframework.boot.SpringApplication.run(SpringApplication.java:1312)
	at org.springframework.boot.SpringApplication.run(SpringApplication.java:1301)
	at org.tain.RestApiPractice10Application.main(RestApiPractice10Application.java:10)
Caused by: java.net.ConnectException: Connection refused (Connection refused)
	at java.net.PlainSocketImpl.socketConnect(Native Method)
	at java.net.AbstractPlainSocketImpl.doConnect(AbstractPlainSocketImpl.java:476)
	at java.net.AbstractPlainSocketImpl.connectToAddress(AbstractPlainSocketImpl.java:218)
	at java.net.AbstractPlainSocketImpl.connect(AbstractPlainSocketImpl.java:200)
	at java.net.SocksSocketImpl.connect(SocksSocketImpl.java:394)
	at java.net.Socket.connect(Socket.java:606)
	at org.h2.util.NetUtils.createSocket(NetUtils.java:103)
	at org.h2.util.NetUtils.createSocket(NetUtils.java:83)
	at org.h2.engine.SessionRemote.initTransfer(SessionRemote.java:119)
	at org.h2.engine.SessionRemote.connectServer(SessionRemote.java:435)
	... 50 common frames omitted
2022-05-19 16:32:10,641 INFO  [main      ] [org.hibernate.dialect.Dialect ] - HHH000400: Using dialect: org.hibernate.dialect.H2Dialect
2022-05-19 16:32:13,076 WARN  [main      ] [o.h.e.j.spi.SqlExceptionHelper] - SQL Error: 90067, SQLState: 90067
2022-05-19 16:32:13,077 ERROR [main      ] [o.h.e.j.spi.SqlExceptionHelper] - Connection is broken: "java.net.ConnectException: Connection refused (Connection refused): localhost:9092" [90067-200]
2022-05-19 16:32:13,086 ERROR [main      ] [o.s.o.j.LocalContainerEntityManagerFactoryBean] - Failed to initialize JPA EntityManagerFactory: [PersistenceUnit: default] Unable to build Hibernate SessionFactory; nested exception is org.hibernate.exception.JDBCConnectionException: Unable to open JDBC Connection for DDL execution
2022-05-19 16:32:13,088 WARN  [main      ] [o.s.b.w.s.c.AnnotationConfigServletWebServerApplicationContext] - Exception encountered during context initialization - cancelling refresh attempt: org.springframework.beans.factory.BeanCreationException: Error creating bean with name 'entityManagerFactory' defined in class path resource [org/springframework/boot/autoconfigure/orm/jpa/HibernateJpaConfiguration.class]: Invocation of init method failed; nested exception is javax.persistence.PersistenceException: [PersistenceUnit: default] Unable to build Hibernate SessionFactory; nested exception is org.hibernate.exception.JDBCConnectionException: Unable to open JDBC Connection for DDL execution
2022-05-19 16:32:13,089 INFO  [main      ] [o.a.c.core.StandardService    ] - Stopping service [Tomcat]
2022-05-19 16:32:13,118 INFO  [main      ] [o.s.b.a.l.ConditionEvaluationReportLoggingListener] - 

Error starting ApplicationContext. To display the conditions report re-run your application with 'debug' enabled.
2022-05-19 16:32:13,158 ERROR [main      ] [o.s.boot.SpringApplication    ] - Application run failed
org.springframework.beans.factory.BeanCreationException: Error creating bean with name 'entityManagerFactory' defined in class path resource [org/springframework/boot/autoconfigure/orm/jpa/HibernateJpaConfiguration.class]: Invocation of init method failed; nested exception is javax.persistence.PersistenceException: [PersistenceUnit: default] Unable to build Hibernate SessionFactory; nested exception is org.hibernate.exception.JDBCConnectionException: Unable to open JDBC Connection for DDL execution
	at org.springframework.beans.factory.support.AbstractAutowireCapableBeanFactory.initializeBean(AbstractAutowireCapableBeanFactory.java:1804)
	at org.springframework.beans.factory.support.AbstractAutowireCapableBeanFactory.doCreateBean(AbstractAutowireCapableBeanFactory.java:620)
	at org.springframework.beans.factory.support.AbstractAutowireCapableBeanFactory.createBean(AbstractAutowireCapableBeanFactory.java:542)
	at org.springframework.beans.factory.support.AbstractBeanFactory.lambda$doGetBean$0(AbstractBeanFactory.java:335)
	at org.springframework.beans.factory.support.DefaultSingletonBeanRegistry.getSingleton(DefaultSingletonBeanRegistry.java:234)
	at org.springframework.beans.factory.support.AbstractBeanFactory.doGetBean(AbstractBeanFactory.java:333)
	at org.springframework.beans.factory.support.AbstractBeanFactory.getBean(AbstractBeanFactory.java:208)
	at org.springframework.context.support.AbstractApplicationContext.getBean(AbstractApplicationContext.java:1154)
	at org.springframework.context.support.AbstractApplicationContext.finishBeanFactoryInitialization(AbstractApplicationContext.java:908)
	at org.springframework.context.support.AbstractApplicationContext.refresh(AbstractApplicationContext.java:583)
	at org.springframework.boot.web.servlet.context.ServletWebServerApplicationContext.refresh(ServletWebServerApplicationContext.java:145)
	at org.springframework.boot.SpringApplication.refresh(SpringApplication.java:740)
	at org.springframework.boot.SpringApplication.refreshContext(SpringApplication.java:415)
	at org.springframework.boot.SpringApplication.run(SpringApplication.java:303)
	at org.springframework.boot.SpringApplication.run(SpringApplication.java:1312)
	at org.springframework.boot.SpringApplication.run(SpringApplication.java:1301)
	at org.tain.RestApiPractice10Application.main(RestApiPractice10Application.java:10)
Caused by: javax.persistence.PersistenceException: [PersistenceUnit: default] Unable to build Hibernate SessionFactory; nested exception is org.hibernate.exception.JDBCConnectionException: Unable to open JDBC Connection for DDL execution
	at org.springframework.orm.jpa.AbstractEntityManagerFactoryBean.buildNativeEntityManagerFactory(AbstractEntityManagerFactoryBean.java:421)
	at org.springframework.orm.jpa.AbstractEntityManagerFactoryBean.afterPropertiesSet(AbstractEntityManagerFactoryBean.java:396)
	at org.springframework.orm.jpa.LocalContainerEntityManagerFactoryBean.afterPropertiesSet(LocalContainerEntityManagerFactoryBean.java:341)
	at org.springframework.beans.factory.support.AbstractAutowireCapableBeanFactory.invokeInitMethods(AbstractAutowireCapableBeanFactory.java:1863)
	at org.springframework.beans.factory.support.AbstractAutowireCapableBeanFactory.initializeBean(AbstractAutowireCapableBeanFactory.java:1800)
	... 16 common frames omitted
Caused by: org.hibernate.exception.JDBCConnectionException: Unable to open JDBC Connection for DDL execution
	at org.hibernate.exception.internal.SQLExceptionTypeDelegate.convert(SQLExceptionTypeDelegate.java:48)
	at org.hibernate.exception.internal.StandardSQLExceptionConverter.convert(StandardSQLExceptionConverter.java:37)
	at org.hibernate.engine.jdbc.spi.SqlExceptionHelper.convert(SqlExceptionHelper.java:113)
	at org.hibernate.engine.jdbc.spi.SqlExceptionHelper.convert(SqlExceptionHelper.java:99)
	at org.hibernate.resource.transaction.backend.jdbc.internal.DdlTransactionIsolatorNonJtaImpl.getIsolatedConnection(DdlTransactionIsolatorNonJtaImpl.java:71)
	at org.hibernate.tool.schema.internal.exec.ImprovedExtractionContextImpl.getJdbcConnection(ImprovedExtractionContextImpl.java:63)
	at org.hibernate.tool.schema.extract.spi.ExtractionContext.getQueryResults(ExtractionContext.java:43)
	at org.hibernate.tool.schema.extract.internal.SequenceInformationExtractorLegacyImpl.extractMetadata(SequenceInformationExtractorLegacyImpl.java:39)
	at org.hibernate.tool.schema.extract.internal.DatabaseInformationImpl.initializeSequences(DatabaseInformationImpl.java:66)
	at org.hibernate.tool.schema.extract.internal.DatabaseInformationImpl.<init>(DatabaseInformationImpl.java:60)
	at org.hibernate.tool.schema.internal.Helper.buildDatabaseInformation(Helper.java:183)
	at org.hibernate.tool.schema.internal.AbstractSchemaMigrator.doMigration(AbstractSchemaMigrator.java:104)
	at org.hibernate.tool.schema.spi.SchemaManagementToolCoordinator.performDatabaseAction(SchemaManagementToolCoordinator.java:196)
	at org.hibernate.tool.schema.spi.SchemaManagementToolCoordinator.process(SchemaManagementToolCoordinator.java:85)
	at org.hibernate.internal.SessionFactoryImpl.<init>(SessionFactoryImpl.java:335)
	at org.hibernate.boot.internal.SessionFactoryBuilderImpl.build(SessionFactoryBuilderImpl.java:471)
	at org.hibernate.jpa.boot.internal.EntityManagerFactoryBuilderImpl.build(EntityManagerFactoryBuilderImpl.java:1498)
	at org.springframework.orm.jpa.vendor.SpringHibernateJpaPersistenceProvider.createContainerEntityManagerFactory(SpringHibernateJpaPersistenceProvider.java:58)
	at org.springframework.orm.jpa.LocalContainerEntityManagerFactoryBean.createNativeEntityManagerFactory(LocalContainerEntityManagerFactoryBean.java:365)
	at org.springframework.orm.jpa.AbstractEntityManagerFactoryBean.buildNativeEntityManagerFactory(AbstractEntityManagerFactoryBean.java:409)
	... 20 common frames omitted
Caused by: org.h2.jdbc.JdbcSQLNonTransientConnectionException: Connection is broken: "java.net.ConnectException: Connection refused (Connection refused): localhost:9092" [90067-200]
	at org.h2.message.DbException.getJdbcSQLException(DbException.java:622)
	at org.h2.message.DbException.getJdbcSQLException(DbException.java:429)
	at org.h2.message.DbException.get(DbException.java:194)
	at org.h2.engine.SessionRemote.connectServer(SessionRemote.java:439)
	at org.h2.engine.SessionRemote.connectEmbeddedOrServer(SessionRemote.java:321)
	at org.h2.jdbc.JdbcConnection.<init>(JdbcConnection.java:173)
	at org.h2.jdbc.JdbcConnection.<init>(JdbcConnection.java:152)
	at org.h2.Driver.connect(Driver.java:69)
	at com.zaxxer.hikari.util.DriverDataSource.getConnection(DriverDataSource.java:138)
	at com.zaxxer.hikari.pool.PoolBase.newConnection(PoolBase.java:364)
	at com.zaxxer.hikari.pool.PoolBase.newPoolEntry(PoolBase.java:206)
	at com.zaxxer.hikari.pool.HikariPool.createPoolEntry(HikariPool.java:476)
	at com.zaxxer.hikari.pool.HikariPool.checkFailFast(HikariPool.java:561)
	at com.zaxxer.hikari.pool.HikariPool.<init>(HikariPool.java:115)
	at com.zaxxer.hikari.HikariDataSource.getConnection(HikariDataSource.java:112)
	at org.hibernate.engine.jdbc.connections.internal.DatasourceConnectionProviderImpl.getConnection(DatasourceConnectionProviderImpl.java:122)
	at org.hibernate.engine.jdbc.env.internal.JdbcEnvironmentInitiator$ConnectionProviderJdbcConnectionAccess.obtainConnection(JdbcEnvironmentInitiator.java:181)
	at org.hibernate.resource.transaction.backend.jdbc.internal.DdlTransactionIsolatorNonJtaImpl.getIsolatedConnection(DdlTransactionIsolatorNonJtaImpl.java:44)
	... 35 common frames omitted
Caused by: java.net.ConnectException: Connection refused (Connection refused)
	at java.net.PlainSocketImpl.socketConnect(Native Method)
	at java.net.AbstractPlainSocketImpl.doConnect(AbstractPlainSocketImpl.java:476)
	at java.net.AbstractPlainSocketImpl.connectToAddress(AbstractPlainSocketImpl.java:218)
	at java.net.AbstractPlainSocketImpl.connect(AbstractPlainSocketImpl.java:200)
	at java.net.SocksSocketImpl.connect(SocksSocketImpl.java:394)
	at java.net.Socket.connect(Socket.java:606)
	at org.h2.util.NetUtils.createSocket(NetUtils.java:103)
	at org.h2.util.NetUtils.createSocket(NetUtils.java:83)
	at org.h2.engine.SessionRemote.initTransfer(SessionRemote.java:119)
	at org.h2.engine.SessionRemote.connectServer(SessionRemote.java:435)
	... 49 common frames omitted
2022-05-19 16:34:13,524 INFO  [main      ] [o.t.RestApiPractice10Application] - Starting RestApiPractice10Application using Java 1.8.0_321 on 192.168.nate.com with PID 1571 (/Users/hanlim_air/STS/Git/restApiPractice_Zotto/RestApiPractice-10-Inbody/bin/main started by hanlim_air in /Users/hanlim_air/STS/Git/restApiPractice_Zotto/RestApiPractice-10-Inbody)
2022-05-19 16:34:13,527 INFO  [main      ] [o.t.RestApiPractice10Application] - The following 2 profiles are active: "proj-default", "proj-air"
2022-05-19 16:34:14,170 INFO  [main      ] [o.s.d.r.c.RepositoryConfigurationDelegate] - Bootstrapping Spring Data JPA repositories in DEFAULT mode.
2022-05-19 16:34:14,187 INFO  [main      ] [o.s.d.r.c.RepositoryConfigurationDelegate] - Finished Spring Data repository scanning in 10 ms. Found 0 JPA repository interfaces.
2022-05-19 16:34:14,867 INFO  [main      ] [o.s.b.w.e.t.TomcatWebServer   ] - Tomcat initialized with port(s): 8088 (http)
2022-05-19 16:34:14,874 INFO  [main      ] [o.a.c.core.StandardService    ] - Starting service [Tomcat]
2022-05-19 16:34:14,874 INFO  [main      ] [o.a.c.core.StandardEngine     ] - Starting Servlet engine: [Apache Tomcat/9.0.62]
2022-05-19 16:34:15,002 INFO  [main      ] [o.a.c.c.C.[.[.[/v0.1]         ] - Initializing Spring embedded WebApplicationContext
2022-05-19 16:34:15,002 INFO  [main      ] [o.s.b.w.s.c.ServletWebServerApplicationContext] - Root WebApplicationContext: initialization completed in 1437 ms
2022-05-19 16:34:15,337 INFO  [main      ] [o.s.b.a.h.H2ConsoleAutoConfiguration] - H2 console available at '/h2'. Database available at 'jdbc:h2:tcp://localhost:9092/inbodydb'
2022-05-19 16:34:15,577 INFO  [main      ] [o.h.j.internal.util.LogHelper ] - HHH000204: Processing PersistenceUnitInfo [name: default]
2022-05-19 16:34:15,602 INFO  [main      ] [org.hibernate.Version         ] - HHH000412: Hibernate ORM core version 5.6.8.Final
2022-05-19 16:34:15,705 INFO  [main      ] [o.h.annotations.common.Version] - HCANN000001: Hibernate Commons Annotations {5.1.2.Final}
2022-05-19 16:34:15,758 INFO  [main      ] [org.hibernate.dialect.Dialect ] - HHH000400: Using dialect: org.hibernate.dialect.H2Dialect
2022-05-19 16:34:16,044 INFO  [main      ] [o.h.e.t.j.p.i.JtaPlatformInitiator] - HHH000490: Using JtaPlatform implementation: [org.hibernate.engine.transaction.jta.platform.internal.NoJtaPlatform]
2022-05-19 16:34:16,050 INFO  [main      ] [o.s.o.j.LocalContainerEntityManagerFactoryBean] - Initialized JPA EntityManagerFactory for persistence unit 'default'
2022-05-19 16:34:16,780 WARN  [main      ] [o.s.b.a.t.ThymeleafAutoConfiguration$DefaultTemplateResolverConfiguration] - Cannot find template location: classpath:templates/ (please add some templates or check your Thymeleaf configuration)
2022-05-19 16:34:17,070 INFO  [main      ] [o.s.b.w.e.t.TomcatWebServer   ] - Tomcat started on port(s): 8088 (http) with context path '/v0.1'
2022-05-19 16:34:17,079 INFO  [main      ] [o.t.RestApiPractice10Application] - Started RestApiPractice10Application in 4.088 seconds (JVM running for 4.56)
2022-05-19 16:35:43,747 INFO  [http-nio-8088-exec-1] [o.a.c.c.C.[.[.[/v0.1]         ] - Initializing Spring DispatcherServlet 'dispatcherServlet'
2022-05-19 16:35:43,748 INFO  [http-nio-8088-exec-1] [o.s.w.s.DispatcherServlet     ] - Initializing Servlet 'dispatcherServlet'
2022-05-19 16:35:43,755 INFO  [http-nio-8088-exec-1] [o.s.w.s.DispatcherServlet     ] - Completed initialization in 7 ms
2022-05-19 16:35:43,894 INFO  [http-nio-8088-exec-1] [o.t.c.r.TblInbodyRestController] - >>>>> reqHeaders: [user-agent:"PostmanRuntime/7.29.0", accept:"*/*", postman-token:"96e29f98-6ec1-4442-91e9-42c29ac8981c", host:"localhost:8088", accept-encoding:"gzip, deflate, br", connection:"keep-alive", content-length:"1279", Content-Type:"application/json;charset=UTF-8"]
2022-05-19 16:35:43,897 INFO  [http-nio-8088-exec-1] [o.t.c.r.TblInbodyRestController] - >>>>> reqBody: {
"campaigncode":"CAMP00000",
"treatmentcode":"TR00000",
"AppKdCd":"01",
"MsgTypCd":null,
"Memno":"18468196",
"MessageData":null,
"AlimiData":null,
"TalkTitle":"주문 알림톡입니다.(69)",
"TalkDispYn":"Y",
"TalkMsgTmpltNo":"001",
"Android_TopmessageData":"안드로이드 메시지~~Top 개인화테스트~69 번째(포맷변경)", "Android_BtmmessageData":"안드로이드 메시지~~Btm 개인화테스트~69 번째(포맷변경)", "Ios_messageData":"아이폰 메시지~개인화테스트입니다~69 번째(포맷유지)", "BannerUrl":"http://m.11st.co.kr",
"DetailUrl":"http://m.11st.co.kr/MW/TData/dataFree.tmall",
"EtcData":"{ \"campaigncode\":\"CAMP00000\", \"treatmentcode\":\"TR00000\" }", "BlockTopCapMain_Value":"패션워크",
"BlockTopCapSub_Value":"광고",
"BlockBoldTextMain_Value":"반값 타임딜 하루 69 번 오픈",
"BlockBoldTextSub_Value":"놓치지마세요!",
"BlockImg500_Value":"{ \"imgUrl\" :[\"http://i.011st.com/ui_img/11talk/img_500_500_sample2.png\" ,\"http://i.011st.com/ui_img/11talk/im g_500_500_sample1.png\n\n\" ]}",
"BlockBtnView_Value":"상세보기(69)", "BlockLinkUrlMobile_Value":"http://m.11st.co.kr/MW/MyPage/V1/benefitCouponDownList.tmall", "BlockLinkUrlWeb_Value":"http://11st.co.kr",
"request_dt":null,
"return_code":null
}
2022-05-19 16:35:43,907 ERROR [http-nio-8088-exec-1] [o.a.c.c.C.[.[.[.1.[dispatcherServlet]] - Servlet.service() for servlet [dispatcherServlet] in context with path [/v0.1] threw exception [Request processing failed; nested exception is org.apache.ibatis.binding.BindingException: Invalid bound statement (not found): org.tain.mybatis.mappers.TblInbodyMapper.createTbl] with root cause
org.apache.ibatis.binding.BindingException: Invalid bound statement (not found): org.tain.mybatis.mappers.TblInbodyMapper.createTbl
	at org.apache.ibatis.binding.MapperMethod$SqlCommand.<init>(MapperMethod.java:235)
	at org.apache.ibatis.binding.MapperMethod.<init>(MapperMethod.java:53)
	at org.apache.ibatis.binding.MapperProxy.lambda$cachedInvoker$0(MapperProxy.java:115)
	at java.util.concurrent.ConcurrentHashMap.computeIfAbsent(ConcurrentHashMap.java:1660)
	at org.apache.ibatis.binding.MapperProxy.cachedInvoker(MapperProxy.java:102)
	at org.apache.ibatis.binding.MapperProxy.invoke(MapperProxy.java:85)
	at com.sun.proxy.$Proxy86.createTbl(Unknown Source)
	at org.tain.controller.rest.TblInbodyRestController.campcreateTbl(TblInbodyRestController.java:94)
	at sun.reflect.NativeMethodAccessorImpl.invoke0(Native Method)
	at sun.reflect.NativeMethodAccessorImpl.invoke(NativeMethodAccessorImpl.java:62)
	at sun.reflect.DelegatingMethodAccessorImpl.invoke(DelegatingMethodAccessorImpl.java:43)
	at java.lang.reflect.Method.invoke(Method.java:498)
	at org.springframework.web.method.support.InvocableHandlerMethod.doInvoke(InvocableHandlerMethod.java:205)
	at org.springframework.web.method.support.InvocableHandlerMethod.invokeForRequest(InvocableHandlerMethod.java:150)
	at org.springframework.web.servlet.mvc.method.annotation.ServletInvocableHandlerMethod.invokeAndHandle(ServletInvocableHandlerMethod.java:117)
	at org.springframework.web.servlet.mvc.method.annotation.RequestMappingHandlerAdapter.invokeHandlerMethod(RequestMappingHandlerAdapter.java:895)
	at org.springframework.web.servlet.mvc.method.annotation.RequestMappingHandlerAdapter.handleInternal(RequestMappingHandlerAdapter.java:808)
	at org.springframework.web.servlet.mvc.method.AbstractHandlerMethodAdapter.handle(AbstractHandlerMethodAdapter.java:87)
	at org.springframework.web.servlet.DispatcherServlet.doDispatch(DispatcherServlet.java:1067)
	at org.springframework.web.servlet.DispatcherServlet.doService(DispatcherServlet.java:963)
	at org.springframework.web.servlet.FrameworkServlet.processRequest(FrameworkServlet.java:1006)
	at org.springframework.web.servlet.FrameworkServlet.doPost(FrameworkServlet.java:909)
	at javax.servlet.http.HttpServlet.service(HttpServlet.java:681)
	at org.springframework.web.servlet.FrameworkServlet.service(FrameworkServlet.java:883)
	at javax.servlet.http.HttpServlet.service(HttpServlet.java:764)
	at org.apache.catalina.core.ApplicationFilterChain.internalDoFilter(ApplicationFilterChain.java:227)
	at org.apache.catalina.core.ApplicationFilterChain.doFilter(ApplicationFilterChain.java:162)
	at org.apache.tomcat.websocket.server.WsFilter.doFilter(WsFilter.java:53)
	at org.apache.catalina.core.ApplicationFilterChain.internalDoFilter(ApplicationFilterChain.java:189)
	at org.apache.catalina.core.ApplicationFilterChain.doFilter(ApplicationFilterChain.java:162)
	at org.springframework.web.filter.RequestContextFilter.doFilterInternal(RequestContextFilter.java:100)
	at org.springframework.web.filter.OncePerRequestFilter.doFilter(OncePerRequestFilter.java:117)
	at org.apache.catalina.core.ApplicationFilterChain.internalDoFilter(ApplicationFilterChain.java:189)
	at org.apache.catalina.core.ApplicationFilterChain.doFilter(ApplicationFilterChain.java:162)
	at org.springframework.web.filter.FormContentFilter.doFilterInternal(FormContentFilter.java:93)
	at org.springframework.web.filter.OncePerRequestFilter.doFilter(OncePerRequestFilter.java:117)
	at org.apache.catalina.core.ApplicationFilterChain.internalDoFilter(ApplicationFilterChain.java:189)
	at org.apache.catalina.core.ApplicationFilterChain.doFilter(ApplicationFilterChain.java:162)
	at org.springframework.web.filter.CharacterEncodingFilter.doFilterInternal(CharacterEncodingFilter.java:201)
	at org.springframework.web.filter.OncePerRequestFilter.doFilter(OncePerRequestFilter.java:117)
	at org.apache.catalina.core.ApplicationFilterChain.internalDoFilter(ApplicationFilterChain.java:189)
	at org.apache.catalina.core.ApplicationFilterChain.doFilter(ApplicationFilterChain.java:162)
	at org.apache.catalina.core.StandardWrapperValve.invoke(StandardWrapperValve.java:197)
	at org.apache.catalina.core.StandardContextValve.invoke(StandardContextValve.java:97)
	at org.apache.catalina.authenticator.AuthenticatorBase.invoke(AuthenticatorBase.java:541)
	at org.apache.catalina.core.StandardHostValve.invoke(StandardHostValve.java:135)
	at org.apache.catalina.valves.ErrorReportValve.invoke(ErrorReportValve.java:92)
	at org.apache.catalina.core.StandardEngineValve.invoke(StandardEngineValve.java:78)
	at org.apache.catalina.connector.CoyoteAdapter.service(CoyoteAdapter.java:360)
	at org.apache.coyote.http11.Http11Processor.service(Http11Processor.java:399)
	at org.apache.coyote.AbstractProcessorLight.process(AbstractProcessorLight.java:65)
	at org.apache.coyote.AbstractProtocol$ConnectionHandler.process(AbstractProtocol.java:890)
	at org.apache.tomcat.util.net.NioEndpoint$SocketProcessor.doRun(NioEndpoint.java:1743)
	at org.apache.tomcat.util.net.SocketProcessorBase.run(SocketProcessorBase.java:49)
	at org.apache.tomcat.util.threads.ThreadPoolExecutor.runWorker(ThreadPoolExecutor.java:1191)
	at org.apache.tomcat.util.threads.ThreadPoolExecutor$Worker.run(ThreadPoolExecutor.java:659)
	at org.apache.tomcat.util.threads.TaskThread$WrappingRunnable.run(TaskThread.java:61)
	at java.lang.Thread.run(Thread.java:750)
2022-05-19 16:36:28,860 INFO  [http-nio-8088-exec-3] [o.t.c.r.TblInbodyRestController] - >>>>> reqHeaders: [user-agent:"PostmanRuntime/7.29.0", accept:"*/*", postman-token:"fd3d0598-33da-4f3d-a5a4-85834a587aa0", host:"localhost:8088", accept-encoding:"gzip, deflate, br", connection:"keep-alive", content-length:"0"]
2022-05-19 16:36:28,867 ERROR [http-nio-8088-exec-3] [o.a.c.c.C.[.[.[.1.[dispatcherServlet]] - Servlet.service() for servlet [dispatcherServlet] in context with path [/v0.1] threw exception [Request processing failed; nested exception is org.apache.ibatis.binding.BindingException: Invalid bound statement (not found): org.tain.mybatis.mappers.TblInbodyMapper.createTbl] with root cause
org.apache.ibatis.binding.BindingException: Invalid bound statement (not found): org.tain.mybatis.mappers.TblInbodyMapper.createTbl
	at org.apache.ibatis.binding.MapperMethod$SqlCommand.<init>(MapperMethod.java:235)
	at org.apache.ibatis.binding.MapperMethod.<init>(MapperMethod.java:53)
	at org.apache.ibatis.binding.MapperProxy.lambda$cachedInvoker$0(MapperProxy.java:115)
	at java.util.concurrent.ConcurrentHashMap.computeIfAbsent(ConcurrentHashMap.java:1660)
	at org.apache.ibatis.binding.MapperProxy.cachedInvoker(MapperProxy.java:102)
	at org.apache.ibatis.binding.MapperProxy.invoke(MapperProxy.java:85)
	at com.sun.proxy.$Proxy86.createTbl(Unknown Source)
	at org.tain.controller.rest.TblInbodyRestController.campcreateTbl(TblInbodyRestController.java:94)
	at sun.reflect.NativeMethodAccessorImpl.invoke0(Native Method)
	at sun.reflect.NativeMethodAccessorImpl.invoke(NativeMethodAccessorImpl.java:62)
	at sun.reflect.DelegatingMethodAccessorImpl.invoke(DelegatingMethodAccessorImpl.java:43)
	at java.lang.reflect.Method.invoke(Method.java:498)
	at org.springframework.web.method.support.InvocableHandlerMethod.doInvoke(InvocableHandlerMethod.java:205)
	at org.springframework.web.method.support.InvocableHandlerMethod.invokeForRequest(InvocableHandlerMethod.java:150)
	at org.springframework.web.servlet.mvc.method.annotation.ServletInvocableHandlerMethod.invokeAndHandle(ServletInvocableHandlerMethod.java:117)
	at org.springframework.web.servlet.mvc.method.annotation.RequestMappingHandlerAdapter.invokeHandlerMethod(RequestMappingHandlerAdapter.java:895)
	at org.springframework.web.servlet.mvc.method.annotation.RequestMappingHandlerAdapter.handleInternal(RequestMappingHandlerAdapter.java:808)
	at org.springframework.web.servlet.mvc.method.AbstractHandlerMethodAdapter.handle(AbstractHandlerMethodAdapter.java:87)
	at org.springframework.web.servlet.DispatcherServlet.doDispatch(DispatcherServlet.java:1067)
	at org.springframework.web.servlet.DispatcherServlet.doService(DispatcherServlet.java:963)
	at org.springframework.web.servlet.FrameworkServlet.processRequest(FrameworkServlet.java:1006)
	at org.springframework.web.servlet.FrameworkServlet.doPost(FrameworkServlet.java:909)
	at javax.servlet.http.HttpServlet.service(HttpServlet.java:681)
	at org.springframework.web.servlet.FrameworkServlet.service(FrameworkServlet.java:883)
	at javax.servlet.http.HttpServlet.service(HttpServlet.java:764)
	at org.apache.catalina.core.ApplicationFilterChain.internalDoFilter(ApplicationFilterChain.java:227)
	at org.apache.catalina.core.ApplicationFilterChain.doFilter(ApplicationFilterChain.java:162)
	at org.apache.tomcat.websocket.server.WsFilter.doFilter(WsFilter.java:53)
	at org.apache.catalina.core.ApplicationFilterChain.internalDoFilter(ApplicationFilterChain.java:189)
	at org.apache.catalina.core.ApplicationFilterChain.doFilter(ApplicationFilterChain.java:162)
	at org.springframework.web.filter.RequestContextFilter.doFilterInternal(RequestContextFilter.java:100)
	at org.springframework.web.filter.OncePerRequestFilter.doFilter(OncePerRequestFilter.java:117)
	at org.apache.catalina.core.ApplicationFilterChain.internalDoFilter(ApplicationFilterChain.java:189)
	at org.apache.catalina.core.ApplicationFilterChain.doFilter(ApplicationFilterChain.java:162)
	at org.springframework.web.filter.FormContentFilter.doFilterInternal(FormContentFilter.java:93)
	at org.springframework.web.filter.OncePerRequestFilter.doFilter(OncePerRequestFilter.java:117)
	at org.apache.catalina.core.ApplicationFilterChain.internalDoFilter(ApplicationFilterChain.java:189)
	at org.apache.catalina.core.ApplicationFilterChain.doFilter(ApplicationFilterChain.java:162)
	at org.springframework.web.filter.CharacterEncodingFilter.doFilterInternal(CharacterEncodingFilter.java:201)
	at org.springframework.web.filter.OncePerRequestFilter.doFilter(OncePerRequestFilter.java:117)
	at org.apache.catalina.core.ApplicationFilterChain.internalDoFilter(ApplicationFilterChain.java:189)
	at org.apache.catalina.core.ApplicationFilterChain.doFilter(ApplicationFilterChain.java:162)
	at org.apache.catalina.core.StandardWrapperValve.invoke(StandardWrapperValve.java:197)
	at org.apache.catalina.core.StandardContextValve.invoke(StandardContextValve.java:97)
	at org.apache.catalina.authenticator.AuthenticatorBase.invoke(AuthenticatorBase.java:541)
	at org.apache.catalina.core.StandardHostValve.invoke(StandardHostValve.java:135)
	at org.apache.catalina.valves.ErrorReportValve.invoke(ErrorReportValve.java:92)
	at org.apache.catalina.core.StandardEngineValve.invoke(StandardEngineValve.java:78)
	at org.apache.catalina.connector.CoyoteAdapter.service(CoyoteAdapter.java:360)
	at org.apache.coyote.http11.Http11Processor.service(Http11Processor.java:399)
	at org.apache.coyote.AbstractProcessorLight.process(AbstractProcessorLight.java:65)
	at org.apache.coyote.AbstractProtocol$ConnectionHandler.process(AbstractProtocol.java:890)
	at org.apache.tomcat.util.net.NioEndpoint$SocketProcessor.doRun(NioEndpoint.java:1743)
	at org.apache.tomcat.util.net.SocketProcessorBase.run(SocketProcessorBase.java:49)
	at org.apache.tomcat.util.threads.ThreadPoolExecutor.runWorker(ThreadPoolExecutor.java:1191)
	at org.apache.tomcat.util.threads.ThreadPoolExecutor$Worker.run(ThreadPoolExecutor.java:659)
	at org.apache.tomcat.util.threads.TaskThread$WrappingRunnable.run(TaskThread.java:61)
	at java.lang.Thread.run(Thread.java:750)
2022-05-19 16:37:43,984 INFO  [RMI TCP Connection(7)-127.0.0.1] [o.s.b.a.SpringApplicationAdminMXBeanRegistrar$SpringApplicationAdmin] - Application shutdown requested.
2022-05-19 16:37:44,042 INFO  [RMI TCP Connection(7)-127.0.0.1] [o.s.o.j.LocalContainerEntityManagerFactoryBean] - Closing JPA EntityManagerFactory for persistence unit 'default'
2022-05-19 16:37:45,838 INFO  [main      ] [o.t.RestApiPractice10Application] - Starting RestApiPractice10Application using Java 1.8.0_321 on 192.168.nate.com with PID 1635 (/Users/hanlim_air/STS/Git/restApiPractice_Zotto/RestApiPractice-10-Inbody/bin/main started by hanlim_air in /Users/hanlim_air/STS/Git/restApiPractice_Zotto/RestApiPractice-10-Inbody)
2022-05-19 16:37:45,841 INFO  [main      ] [o.t.RestApiPractice10Application] - The following 2 profiles are active: "proj-default", "proj-air"
2022-05-19 16:37:46,563 INFO  [main      ] [o.s.d.r.c.RepositoryConfigurationDelegate] - Bootstrapping Spring Data JPA repositories in DEFAULT mode.
2022-05-19 16:37:46,581 INFO  [main      ] [o.s.d.r.c.RepositoryConfigurationDelegate] - Finished Spring Data repository scanning in 10 ms. Found 0 JPA repository interfaces.
2022-05-19 16:37:47,296 INFO  [main      ] [o.s.b.w.e.t.TomcatWebServer   ] - Tomcat initialized with port(s): 8088 (http)
2022-05-19 16:37:47,304 INFO  [main      ] [o.a.c.core.StandardService    ] - Starting service [Tomcat]
2022-05-19 16:37:47,304 INFO  [main      ] [o.a.c.core.StandardEngine     ] - Starting Servlet engine: [Apache Tomcat/9.0.62]
2022-05-19 16:37:47,445 INFO  [main      ] [o.a.c.c.C.[.[.[/v0.1]         ] - Initializing Spring embedded WebApplicationContext
2022-05-19 16:37:47,445 INFO  [main      ] [o.s.b.w.s.c.ServletWebServerApplicationContext] - Root WebApplicationContext: initialization completed in 1565 ms
2022-05-19 16:37:47,586 INFO  [main      ] [o.s.b.a.h.H2ConsoleAutoConfiguration] - H2 console available at '/h2'. Database available at 'jdbc:h2:tcp://localhost:9092/inbodydb'
2022-05-19 16:37:47,910 INFO  [main      ] [o.h.j.internal.util.LogHelper ] - HHH000204: Processing PersistenceUnitInfo [name: default]
2022-05-19 16:37:47,940 INFO  [main      ] [org.hibernate.Version         ] - HHH000412: Hibernate ORM core version 5.6.8.Final
2022-05-19 16:37:48,060 INFO  [main      ] [o.h.annotations.common.Version] - HCANN000001: Hibernate Commons Annotations {5.1.2.Final}
2022-05-19 16:37:48,126 INFO  [main      ] [org.hibernate.dialect.Dialect ] - HHH000400: Using dialect: org.hibernate.dialect.H2Dialect
2022-05-19 16:37:48,361 INFO  [main      ] [o.h.e.t.j.p.i.JtaPlatformInitiator] - HHH000490: Using JtaPlatform implementation: [org.hibernate.engine.transaction.jta.platform.internal.NoJtaPlatform]
2022-05-19 16:37:48,369 INFO  [main      ] [o.s.o.j.LocalContainerEntityManagerFactoryBean] - Initialized JPA EntityManagerFactory for persistence unit 'default'
2022-05-19 16:37:48,416 WARN  [main      ] [o.s.b.w.s.c.AnnotationConfigServletWebServerApplicationContext] - Exception encountered during context initialization - cancelling refresh attempt: org.springframework.beans.factory.UnsatisfiedDependencyException: Error creating bean with name 'tblInbodyRestController': Unsatisfied dependency expressed through field 'tblInbodyMapper'; nested exception is org.springframework.beans.factory.UnsatisfiedDependencyException: Error creating bean with name 'tblInbodyMapper' defined in file [/Users/hanlim_air/STS/Git/restApiPractice_Zotto/RestApiPractice-10-Inbody/bin/main/org/tain/mybatis/mappers/TblInbodyMapper.class]: Unsatisfied dependency expressed through bean property 'sqlSessionFactory'; nested exception is org.springframework.beans.factory.BeanCreationException: Error creating bean with name 'sqlSessionFactory' defined in class path resource [org/tain/config/mybatis/MybatisConfig.class]: Bean instantiation via factory method failed; nested exception is org.springframework.beans.BeanInstantiationException: Failed to instantiate [org.apache.ibatis.session.SqlSessionFactory]: Factory method 'sqlSessionFactory' threw exception; nested exception is java.io.FileNotFoundException: class path resource [mybatis/mappers/] cannot be resolved to URL because it does not exist
2022-05-19 16:37:48,416 INFO  [main      ] [o.s.o.j.LocalContainerEntityManagerFactoryBean] - Closing JPA EntityManagerFactory for persistence unit 'default'
2022-05-19 16:37:48,431 INFO  [main      ] [o.a.c.core.StandardService    ] - Stopping service [Tomcat]
2022-05-19 16:37:48,443 INFO  [main      ] [o.s.b.a.l.ConditionEvaluationReportLoggingListener] - 

Error starting ApplicationContext. To display the conditions report re-run your application with 'debug' enabled.
2022-05-19 16:37:48,458 ERROR [main      ] [o.s.boot.SpringApplication    ] - Application run failed
org.springframework.beans.factory.UnsatisfiedDependencyException: Error creating bean with name 'tblInbodyRestController': Unsatisfied dependency expressed through field 'tblInbodyMapper'; nested exception is org.springframework.beans.factory.UnsatisfiedDependencyException: Error creating bean with name 'tblInbodyMapper' defined in file [/Users/hanlim_air/STS/Git/restApiPractice_Zotto/RestApiPractice-10-Inbody/bin/main/org/tain/mybatis/mappers/TblInbodyMapper.class]: Unsatisfied dependency expressed through bean property 'sqlSessionFactory'; nested exception is org.springframework.beans.factory.BeanCreationException: Error creating bean with name 'sqlSessionFactory' defined in class path resource [org/tain/config/mybatis/MybatisConfig.class]: Bean instantiation via factory method failed; nested exception is org.springframework.beans.BeanInstantiationException: Failed to instantiate [org.apache.ibatis.session.SqlSessionFactory]: Factory method 'sqlSessionFactory' threw exception; nested exception is java.io.FileNotFoundException: class path resource [mybatis/mappers/] cannot be resolved to URL because it does not exist
	at org.springframework.beans.factory.annotation.AutowiredAnnotationBeanPostProcessor$AutowiredFieldElement.resolveFieldValue(AutowiredAnnotationBeanPostProcessor.java:659)
	at org.springframework.beans.factory.annotation.AutowiredAnnotationBeanPostProcessor$AutowiredFieldElement.inject(AutowiredAnnotationBeanPostProcessor.java:639)
	at org.springframework.beans.factory.annotation.InjectionMetadata.inject(InjectionMetadata.java:119)
	at org.springframework.beans.factory.annotation.AutowiredAnnotationBeanPostProcessor.postProcessProperties(AutowiredAnnotationBeanPostProcessor.java:399)
	at org.springframework.beans.factory.support.AbstractAutowireCapableBeanFactory.populateBean(AbstractAutowireCapableBeanFactory.java:1431)
	at org.springframework.beans.factory.support.AbstractAutowireCapableBeanFactory.doCreateBean(AbstractAutowireCapableBeanFactory.java:619)
	at org.springframework.beans.factory.support.AbstractAutowireCapableBeanFactory.createBean(AbstractAutowireCapableBeanFactory.java:542)
	at org.springframework.beans.factory.support.AbstractBeanFactory.lambda$doGetBean$0(AbstractBeanFactory.java:335)
	at org.springframework.beans.factory.support.DefaultSingletonBeanRegistry.getSingleton(DefaultSingletonBeanRegistry.java:234)
	at org.springframework.beans.factory.support.AbstractBeanFactory.doGetBean(AbstractBeanFactory.java:333)
	at org.springframework.beans.factory.support.AbstractBeanFactory.getBean(AbstractBeanFactory.java:208)
	at org.springframework.beans.factory.support.DefaultListableBeanFactory.preInstantiateSingletons(DefaultListableBeanFactory.java:953)
	at org.springframework.context.support.AbstractApplicationContext.finishBeanFactoryInitialization(AbstractApplicationContext.java:918)
	at org.springframework.context.support.AbstractApplicationContext.refresh(AbstractApplicationContext.java:583)
	at org.springframework.boot.web.servlet.context.ServletWebServerApplicationContext.refresh(ServletWebServerApplicationContext.java:145)
	at org.springframework.boot.SpringApplication.refresh(SpringApplication.java:740)
	at org.springframework.boot.SpringApplication.refreshContext(SpringApplication.java:415)
	at org.springframework.boot.SpringApplication.run(SpringApplication.java:303)
	at org.springframework.boot.SpringApplication.run(SpringApplication.java:1312)
	at org.springframework.boot.SpringApplication.run(SpringApplication.java:1301)
	at org.tain.RestApiPractice10Application.main(RestApiPractice10Application.java:10)
Caused by: org.springframework.beans.factory.UnsatisfiedDependencyException: Error creating bean with name 'tblInbodyMapper' defined in file [/Users/hanlim_air/STS/Git/restApiPractice_Zotto/RestApiPractice-10-Inbody/bin/main/org/tain/mybatis/mappers/TblInbodyMapper.class]: Unsatisfied dependency expressed through bean property 'sqlSessionFactory'; nested exception is org.springframework.beans.factory.BeanCreationException: Error creating bean with name 'sqlSessionFactory' defined in class path resource [org/tain/config/mybatis/MybatisConfig.class]: Bean instantiation via factory method failed; nested exception is org.springframework.beans.BeanInstantiationException: Failed to instantiate [org.apache.ibatis.session.SqlSessionFactory]: Factory method 'sqlSessionFactory' threw exception; nested exception is java.io.FileNotFoundException: class path resource [mybatis/mappers/] cannot be resolved to URL because it does not exist
	at org.springframework.beans.factory.support.AbstractAutowireCapableBeanFactory.autowireByType(AbstractAutowireCapableBeanFactory.java:1534)
	at org.springframework.beans.factory.support.AbstractAutowireCapableBeanFactory.populateBean(AbstractAutowireCapableBeanFactory.java:1417)
	at org.springframework.beans.factory.support.AbstractAutowireCapableBeanFactory.doCreateBean(AbstractAutowireCapableBeanFactory.java:619)
	at org.springframework.beans.factory.support.AbstractAutowireCapableBeanFactory.createBean(AbstractAutowireCapableBeanFactory.java:542)
	at org.springframework.beans.factory.support.AbstractBeanFactory.lambda$doGetBean$0(AbstractBeanFactory.java:335)
	at org.springframework.beans.factory.support.DefaultSingletonBeanRegistry.getSingleton(DefaultSingletonBeanRegistry.java:234)
	at org.springframework.beans.factory.support.AbstractBeanFactory.doGetBean(AbstractBeanFactory.java:333)
	at org.springframework.beans.factory.support.AbstractBeanFactory.getBean(AbstractBeanFactory.java:208)
	at org.springframework.beans.factory.config.DependencyDescriptor.resolveCandidate(DependencyDescriptor.java:276)
	at org.springframework.beans.factory.support.DefaultListableBeanFactory.doResolveDependency(DefaultListableBeanFactory.java:1389)
	at org.springframework.beans.factory.support.DefaultListableBeanFactory.resolveDependency(DefaultListableBeanFactory.java:1309)
	at org.springframework.beans.factory.annotation.AutowiredAnnotationBeanPostProcessor$AutowiredFieldElement.resolveFieldValue(AutowiredAnnotationBeanPostProcessor.java:656)
	... 20 common frames omitted
Caused by: org.springframework.beans.factory.BeanCreationException: Error creating bean with name 'sqlSessionFactory' defined in class path resource [org/tain/config/mybatis/MybatisConfig.class]: Bean instantiation via factory method failed; nested exception is org.springframework.beans.BeanInstantiationException: Failed to instantiate [org.apache.ibatis.session.SqlSessionFactory]: Factory method 'sqlSessionFactory' threw exception; nested exception is java.io.FileNotFoundException: class path resource [mybatis/mappers/] cannot be resolved to URL because it does not exist
	at org.springframework.beans.factory.support.ConstructorResolver.instantiate(ConstructorResolver.java:658)
	at org.springframework.beans.factory.support.ConstructorResolver.instantiateUsingFactoryMethod(ConstructorResolver.java:638)
	at org.springframework.beans.factory.support.AbstractAutowireCapableBeanFactory.instantiateUsingFactoryMethod(AbstractAutowireCapableBeanFactory.java:1352)
	at org.springframework.beans.factory.support.AbstractAutowireCapableBeanFactory.createBeanInstance(AbstractAutowireCapableBeanFactory.java:1195)
	at org.springframework.beans.factory.support.AbstractAutowireCapableBeanFactory.doCreateBean(AbstractAutowireCapableBeanFactory.java:582)
	at org.springframework.beans.factory.support.AbstractAutowireCapableBeanFactory.createBean(AbstractAutowireCapableBeanFactory.java:542)
	at org.springframework.beans.factory.support.AbstractBeanFactory.lambda$doGetBean$0(AbstractBeanFactory.java:335)
	at org.springframework.beans.factory.support.DefaultSingletonBeanRegistry.getSingleton(DefaultSingletonBeanRegistry.java:234)
	at org.springframework.beans.factory.support.AbstractBeanFactory.doGetBean(AbstractBeanFactory.java:333)
	at org.springframework.beans.factory.support.AbstractBeanFactory.getBean(AbstractBeanFactory.java:208)
	at org.springframework.beans.factory.config.DependencyDescriptor.resolveCandidate(DependencyDescriptor.java:276)
	at org.springframework.beans.factory.support.DefaultListableBeanFactory.doResolveDependency(DefaultListableBeanFactory.java:1389)
	at org.springframework.beans.factory.support.DefaultListableBeanFactory.resolveDependency(DefaultListableBeanFactory.java:1309)
	at org.springframework.beans.factory.support.AbstractAutowireCapableBeanFactory.autowireByType(AbstractAutowireCapableBeanFactory.java:1519)
	... 31 common frames omitted
Caused by: org.springframework.beans.BeanInstantiationException: Failed to instantiate [org.apache.ibatis.session.SqlSessionFactory]: Factory method 'sqlSessionFactory' threw exception; nested exception is java.io.FileNotFoundException: class path resource [mybatis/mappers/] cannot be resolved to URL because it does not exist
	at org.springframework.beans.factory.support.SimpleInstantiationStrategy.instantiate(SimpleInstantiationStrategy.java:185)
	at org.springframework.beans.factory.support.ConstructorResolver.instantiate(ConstructorResolver.java:653)
	... 44 common frames omitted
Caused by: java.io.FileNotFoundException: class path resource [mybatis/mappers/] cannot be resolved to URL because it does not exist
	at org.springframework.core.io.ClassPathResource.getURL(ClassPathResource.java:214)
	at org.springframework.core.io.support.PathMatchingResourcePatternResolver.findPathMatchingResources(PathMatchingResourcePatternResolver.java:501)
	at org.springframework.core.io.support.PathMatchingResourcePatternResolver.getResources(PathMatchingResourcePatternResolver.java:298)
	at org.tain.config.mybatis.MybatisConfig.sqlSessionFactory(MybatisConfig.java:25)
	at org.tain.config.mybatis.MybatisConfig$$EnhancerBySpringCGLIB$$da04ce5f.CGLIB$sqlSessionFactory$1(<generated>)
	at org.tain.config.mybatis.MybatisConfig$$EnhancerBySpringCGLIB$$da04ce5f$$FastClassBySpringCGLIB$$df2be9cd.invoke(<generated>)
	at org.springframework.cglib.proxy.MethodProxy.invokeSuper(MethodProxy.java:244)
	at org.springframework.context.annotation.ConfigurationClassEnhancer$BeanMethodInterceptor.intercept(ConfigurationClassEnhancer.java:331)
	at org.tain.config.mybatis.MybatisConfig$$EnhancerBySpringCGLIB$$da04ce5f.sqlSessionFactory(<generated>)
	at sun.reflect.NativeMethodAccessorImpl.invoke0(Native Method)
	at sun.reflect.NativeMethodAccessorImpl.invoke(NativeMethodAccessorImpl.java:62)
	at sun.reflect.DelegatingMethodAccessorImpl.invoke(DelegatingMethodAccessorImpl.java:43)
	at java.lang.reflect.Method.invoke(Method.java:498)
	at org.springframework.beans.factory.support.SimpleInstantiationStrategy.instantiate(SimpleInstantiationStrategy.java:154)
	... 45 common frames omitted
2022-05-19 16:40:11,347 INFO  [main      ] [o.t.RestApiPractice10Application] - Starting RestApiPractice10Application using Java 1.8.0_321 on 192.168.nate.com with PID 1654 (/Users/hanlim_air/STS/Git/restApiPractice_Zotto/RestApiPractice-10-Inbody/bin/main started by hanlim_air in /Users/hanlim_air/STS/Git/restApiPractice_Zotto/RestApiPractice-10-Inbody)
2022-05-19 16:40:11,350 INFO  [main      ] [o.t.RestApiPractice10Application] - The following 2 profiles are active: "proj-default", "proj-air"
2022-05-19 16:40:12,052 INFO  [main      ] [o.s.d.r.c.RepositoryConfigurationDelegate] - Bootstrapping Spring Data JPA repositories in DEFAULT mode.
2022-05-19 16:40:12,069 INFO  [main      ] [o.s.d.r.c.RepositoryConfigurationDelegate] - Finished Spring Data repository scanning in 11 ms. Found 0 JPA repository interfaces.
2022-05-19 16:40:12,758 INFO  [main      ] [o.s.b.w.e.t.TomcatWebServer   ] - Tomcat initialized with port(s): 8088 (http)
2022-05-19 16:40:12,765 INFO  [main      ] [o.a.c.core.StandardService    ] - Starting service [Tomcat]
2022-05-19 16:40:12,765 INFO  [main      ] [o.a.c.core.StandardEngine     ] - Starting Servlet engine: [Apache Tomcat/9.0.62]
2022-05-19 16:40:12,887 INFO  [main      ] [o.a.c.c.C.[.[.[/v0.1]         ] - Initializing Spring embedded WebApplicationContext
2022-05-19 16:40:12,887 INFO  [main      ] [o.s.b.w.s.c.ServletWebServerApplicationContext] - Root WebApplicationContext: initialization completed in 1498 ms
2022-05-19 16:40:13,017 INFO  [main      ] [o.s.b.a.h.H2ConsoleAutoConfiguration] - H2 console available at '/h2'. Database available at 'jdbc:h2:tcp://localhost:9092/inbodydb'
2022-05-19 16:40:13,331 INFO  [main      ] [o.h.j.internal.util.LogHelper ] - HHH000204: Processing PersistenceUnitInfo [name: default]
2022-05-19 16:40:13,355 INFO  [main      ] [org.hibernate.Version         ] - HHH000412: Hibernate ORM core version 5.6.8.Final
2022-05-19 16:40:13,459 INFO  [main      ] [o.h.annotations.common.Version] - HCANN000001: Hibernate Commons Annotations {5.1.2.Final}
2022-05-19 16:40:13,525 INFO  [main      ] [org.hibernate.dialect.Dialect ] - HHH000400: Using dialect: org.hibernate.dialect.H2Dialect
2022-05-19 16:40:13,794 INFO  [main      ] [o.h.e.t.j.p.i.JtaPlatformInitiator] - HHH000490: Using JtaPlatform implementation: [org.hibernate.engine.transaction.jta.platform.internal.NoJtaPlatform]
2022-05-19 16:40:13,801 INFO  [main      ] [o.s.o.j.LocalContainerEntityManagerFactoryBean] - Initialized JPA EntityManagerFactory for persistence unit 'default'
2022-05-19 16:40:13,849 WARN  [main      ] [o.s.b.w.s.c.AnnotationConfigServletWebServerApplicationContext] - Exception encountered during context initialization - cancelling refresh attempt: org.springframework.beans.factory.UnsatisfiedDependencyException: Error creating bean with name 'tblInbodyRestController': Unsatisfied dependency expressed through field 'tblInbodyMapper'; nested exception is org.springframework.beans.factory.UnsatisfiedDependencyException: Error creating bean with name 'tblInbodyMapper' defined in file [/Users/hanlim_air/STS/Git/restApiPractice_Zotto/RestApiPractice-10-Inbody/bin/main/org/tain/mybatis/mappers/TblInbodyMapper.class]: Unsatisfied dependency expressed through bean property 'sqlSessionFactory'; nested exception is org.springframework.beans.factory.BeanCreationException: Error creating bean with name 'sqlSessionFactory' defined in class path resource [org/tain/config/mybatis/MybatisConfig.class]: Bean instantiation via factory method failed; nested exception is org.springframework.beans.BeanInstantiationException: Failed to instantiate [org.apache.ibatis.session.SqlSessionFactory]: Factory method 'sqlSessionFactory' threw exception; nested exception is java.io.FileNotFoundException: class path resource [mybatis/_mybatis_config.xml] cannot be opened because it does not exist
2022-05-19 16:40:13,849 INFO  [main      ] [o.s.o.j.LocalContainerEntityManagerFactoryBean] - Closing JPA EntityManagerFactory for persistence unit 'default'
2022-05-19 16:40:13,876 INFO  [main      ] [o.a.c.core.StandardService    ] - Stopping service [Tomcat]
2022-05-19 16:40:13,888 INFO  [main      ] [o.s.b.a.l.ConditionEvaluationReportLoggingListener] - 

Error starting ApplicationContext. To display the conditions report re-run your application with 'debug' enabled.
2022-05-19 16:40:13,902 ERROR [main      ] [o.s.boot.SpringApplication    ] - Application run failed
org.springframework.beans.factory.UnsatisfiedDependencyException: Error creating bean with name 'tblInbodyRestController': Unsatisfied dependency expressed through field 'tblInbodyMapper'; nested exception is org.springframework.beans.factory.UnsatisfiedDependencyException: Error creating bean with name 'tblInbodyMapper' defined in file [/Users/hanlim_air/STS/Git/restApiPractice_Zotto/RestApiPractice-10-Inbody/bin/main/org/tain/mybatis/mappers/TblInbodyMapper.class]: Unsatisfied dependency expressed through bean property 'sqlSessionFactory'; nested exception is org.springframework.beans.factory.BeanCreationException: Error creating bean with name 'sqlSessionFactory' defined in class path resource [org/tain/config/mybatis/MybatisConfig.class]: Bean instantiation via factory method failed; nested exception is org.springframework.beans.BeanInstantiationException: Failed to instantiate [org.apache.ibatis.session.SqlSessionFactory]: Factory method 'sqlSessionFactory' threw exception; nested exception is java.io.FileNotFoundException: class path resource [mybatis/_mybatis_config.xml] cannot be opened because it does not exist
	at org.springframework.beans.factory.annotation.AutowiredAnnotationBeanPostProcessor$AutowiredFieldElement.resolveFieldValue(AutowiredAnnotationBeanPostProcessor.java:659)
	at org.springframework.beans.factory.annotation.AutowiredAnnotationBeanPostProcessor$AutowiredFieldElement.inject(AutowiredAnnotationBeanPostProcessor.java:639)
	at org.springframework.beans.factory.annotation.InjectionMetadata.inject(InjectionMetadata.java:119)
	at org.springframework.beans.factory.annotation.AutowiredAnnotationBeanPostProcessor.postProcessProperties(AutowiredAnnotationBeanPostProcessor.java:399)
	at org.springframework.beans.factory.support.AbstractAutowireCapableBeanFactory.populateBean(AbstractAutowireCapableBeanFactory.java:1431)
	at org.springframework.beans.factory.support.AbstractAutowireCapableBeanFactory.doCreateBean(AbstractAutowireCapableBeanFactory.java:619)
	at org.springframework.beans.factory.support.AbstractAutowireCapableBeanFactory.createBean(AbstractAutowireCapableBeanFactory.java:542)
	at org.springframework.beans.factory.support.AbstractBeanFactory.lambda$doGetBean$0(AbstractBeanFactory.java:335)
	at org.springframework.beans.factory.support.DefaultSingletonBeanRegistry.getSingleton(DefaultSingletonBeanRegistry.java:234)
	at org.springframework.beans.factory.support.AbstractBeanFactory.doGetBean(AbstractBeanFactory.java:333)
	at org.springframework.beans.factory.support.AbstractBeanFactory.getBean(AbstractBeanFactory.java:208)
	at org.springframework.beans.factory.support.DefaultListableBeanFactory.preInstantiateSingletons(DefaultListableBeanFactory.java:953)
	at org.springframework.context.support.AbstractApplicationContext.finishBeanFactoryInitialization(AbstractApplicationContext.java:918)
	at org.springframework.context.support.AbstractApplicationContext.refresh(AbstractApplicationContext.java:583)
	at org.springframework.boot.web.servlet.context.ServletWebServerApplicationContext.refresh(ServletWebServerApplicationContext.java:145)
	at org.springframework.boot.SpringApplication.refresh(SpringApplication.java:740)
	at org.springframework.boot.SpringApplication.refreshContext(SpringApplication.java:415)
	at org.springframework.boot.SpringApplication.run(SpringApplication.java:303)
	at org.springframework.boot.SpringApplication.run(SpringApplication.java:1312)
	at org.springframework.boot.SpringApplication.run(SpringApplication.java:1301)
	at org.tain.RestApiPractice10Application.main(RestApiPractice10Application.java:10)
Caused by: org.springframework.beans.factory.UnsatisfiedDependencyException: Error creating bean with name 'tblInbodyMapper' defined in file [/Users/hanlim_air/STS/Git/restApiPractice_Zotto/RestApiPractice-10-Inbody/bin/main/org/tain/mybatis/mappers/TblInbodyMapper.class]: Unsatisfied dependency expressed through bean property 'sqlSessionFactory'; nested exception is org.springframework.beans.factory.BeanCreationException: Error creating bean with name 'sqlSessionFactory' defined in class path resource [org/tain/config/mybatis/MybatisConfig.class]: Bean instantiation via factory method failed; nested exception is org.springframework.beans.BeanInstantiationException: Failed to instantiate [org.apache.ibatis.session.SqlSessionFactory]: Factory method 'sqlSessionFactory' threw exception; nested exception is java.io.FileNotFoundException: class path resource [mybatis/_mybatis_config.xml] cannot be opened because it does not exist
	at org.springframework.beans.factory.support.AbstractAutowireCapableBeanFactory.autowireByType(AbstractAutowireCapableBeanFactory.java:1534)
	at org.springframework.beans.factory.support.AbstractAutowireCapableBeanFactory.populateBean(AbstractAutowireCapableBeanFactory.java:1417)
	at org.springframework.beans.factory.support.AbstractAutowireCapableBeanFactory.doCreateBean(AbstractAutowireCapableBeanFactory.java:619)
	at org.springframework.beans.factory.support.AbstractAutowireCapableBeanFactory.createBean(AbstractAutowireCapableBeanFactory.java:542)
	at org.springframework.beans.factory.support.AbstractBeanFactory.lambda$doGetBean$0(AbstractBeanFactory.java:335)
	at org.springframework.beans.factory.support.DefaultSingletonBeanRegistry.getSingleton(DefaultSingletonBeanRegistry.java:234)
	at org.springframework.beans.factory.support.AbstractBeanFactory.doGetBean(AbstractBeanFactory.java:333)
	at org.springframework.beans.factory.support.AbstractBeanFactory.getBean(AbstractBeanFactory.java:208)
	at org.springframework.beans.factory.config.DependencyDescriptor.resolveCandidate(DependencyDescriptor.java:276)
	at org.springframework.beans.factory.support.DefaultListableBeanFactory.doResolveDependency(DefaultListableBeanFactory.java:1389)
	at org.springframework.beans.factory.support.DefaultListableBeanFactory.resolveDependency(DefaultListableBeanFactory.java:1309)
	at org.springframework.beans.factory.annotation.AutowiredAnnotationBeanPostProcessor$AutowiredFieldElement.resolveFieldValue(AutowiredAnnotationBeanPostProcessor.java:656)
	... 20 common frames omitted
Caused by: org.springframework.beans.factory.BeanCreationException: Error creating bean with name 'sqlSessionFactory' defined in class path resource [org/tain/config/mybatis/MybatisConfig.class]: Bean instantiation via factory method failed; nested exception is org.springframework.beans.BeanInstantiationException: Failed to instantiate [org.apache.ibatis.session.SqlSessionFactory]: Factory method 'sqlSessionFactory' threw exception; nested exception is java.io.FileNotFoundException: class path resource [mybatis/_mybatis_config.xml] cannot be opened because it does not exist
	at org.springframework.beans.factory.support.ConstructorResolver.instantiate(ConstructorResolver.java:658)
	at org.springframework.beans.factory.support.ConstructorResolver.instantiateUsingFactoryMethod(ConstructorResolver.java:638)
	at org.springframework.beans.factory.support.AbstractAutowireCapableBeanFactory.instantiateUsingFactoryMethod(AbstractAutowireCapableBeanFactory.java:1352)
	at org.springframework.beans.factory.support.AbstractAutowireCapableBeanFactory.createBeanInstance(AbstractAutowireCapableBeanFactory.java:1195)
	at org.springframework.beans.factory.support.AbstractAutowireCapableBeanFactory.doCreateBean(AbstractAutowireCapableBeanFactory.java:582)
	at org.springframework.beans.factory.support.AbstractAutowireCapableBeanFactory.createBean(AbstractAutowireCapableBeanFactory.java:542)
	at org.springframework.beans.factory.support.AbstractBeanFactory.lambda$doGetBean$0(AbstractBeanFactory.java:335)
	at org.springframework.beans.factory.support.DefaultSingletonBeanRegistry.getSingleton(DefaultSingletonBeanRegistry.java:234)
	at org.springframework.beans.factory.support.AbstractBeanFactory.doGetBean(AbstractBeanFactory.java:333)
	at org.springframework.beans.factory.support.AbstractBeanFactory.getBean(AbstractBeanFactory.java:208)
	at org.springframework.beans.factory.config.DependencyDescriptor.resolveCandidate(DependencyDescriptor.java:276)
	at org.springframework.beans.factory.support.DefaultListableBeanFactory.doResolveDependency(DefaultListableBeanFactory.java:1389)
	at org.springframework.beans.factory.support.DefaultListableBeanFactory.resolveDependency(DefaultListableBeanFactory.java:1309)
	at org.springframework.beans.factory.support.AbstractAutowireCapableBeanFactory.autowireByType(AbstractAutowireCapableBeanFactory.java:1519)
	... 31 common frames omitted
Caused by: org.springframework.beans.BeanInstantiationException: Failed to instantiate [org.apache.ibatis.session.SqlSessionFactory]: Factory method 'sqlSessionFactory' threw exception; nested exception is java.io.FileNotFoundException: class path resource [mybatis/_mybatis_config.xml] cannot be opened because it does not exist
	at org.springframework.beans.factory.support.SimpleInstantiationStrategy.instantiate(SimpleInstantiationStrategy.java:185)
	at org.springframework.beans.factory.support.ConstructorResolver.instantiate(ConstructorResolver.java:653)
	... 44 common frames omitted
Caused by: java.io.FileNotFoundException: class path resource [mybatis/_mybatis_config.xml] cannot be opened because it does not exist
	at org.springframework.core.io.ClassPathResource.getInputStream(ClassPathResource.java:199)
	at org.mybatis.spring.SqlSessionFactoryBean.buildSqlSessionFactory(SqlSessionFactoryBean.java:518)
	at org.mybatis.spring.SqlSessionFactoryBean.afterPropertiesSet(SqlSessionFactoryBean.java:491)
	at org.mybatis.spring.SqlSessionFactoryBean.getObject(SqlSessionFactoryBean.java:633)
	at org.tain.config.mybatis.MybatisConfig.sqlSessionFactory(MybatisConfig.java:28)
	at org.tain.config.mybatis.MybatisConfig$$EnhancerBySpringCGLIB$$e035de60.CGLIB$sqlSessionFactory$1(<generated>)
	at org.tain.config.mybatis.MybatisConfig$$EnhancerBySpringCGLIB$$e035de60$$FastClassBySpringCGLIB$$2c28d4e1.invoke(<generated>)
	at org.springframework.cglib.proxy.MethodProxy.invokeSuper(MethodProxy.java:244)
	at org.springframework.context.annotation.ConfigurationClassEnhancer$BeanMethodInterceptor.intercept(ConfigurationClassEnhancer.java:331)
	at org.tain.config.mybatis.MybatisConfig$$EnhancerBySpringCGLIB$$e035de60.sqlSessionFactory(<generated>)
	at sun.reflect.NativeMethodAccessorImpl.invoke0(Native Method)
	at sun.reflect.NativeMethodAccessorImpl.invoke(NativeMethodAccessorImpl.java:62)
	at sun.reflect.DelegatingMethodAccessorImpl.invoke(DelegatingMethodAccessorImpl.java:43)
	at java.lang.reflect.Method.invoke(Method.java:498)
	at org.springframework.beans.factory.support.SimpleInstantiationStrategy.instantiate(SimpleInstantiationStrategy.java:154)
	... 45 common frames omitted
2022-05-19 16:42:37,241 INFO  [main      ] [o.t.RestApiPractice10Application] - Starting RestApiPractice10Application using Java 1.8.0_321 on 192.168.nate.com with PID 1670 (/Users/hanlim_air/STS/Git/restApiPractice_Zotto/RestApiPractice-10-Inbody/bin/main started by hanlim_air in /Users/hanlim_air/STS/Git/restApiPractice_Zotto/RestApiPractice-10-Inbody)
2022-05-19 16:42:37,244 INFO  [main      ] [o.t.RestApiPractice10Application] - The following 2 profiles are active: "proj-default", "proj-air"
2022-05-19 16:42:37,931 INFO  [main      ] [o.s.d.r.c.RepositoryConfigurationDelegate] - Bootstrapping Spring Data JPA repositories in DEFAULT mode.
2022-05-19 16:42:37,948 INFO  [main      ] [o.s.d.r.c.RepositoryConfigurationDelegate] - Finished Spring Data repository scanning in 10 ms. Found 0 JPA repository interfaces.
2022-05-19 16:42:38,648 INFO  [main      ] [o.s.b.w.e.t.TomcatWebServer   ] - Tomcat initialized with port(s): 8088 (http)
2022-05-19 16:42:38,656 INFO  [main      ] [o.a.c.core.StandardService    ] - Starting service [Tomcat]
2022-05-19 16:42:38,656 INFO  [main      ] [o.a.c.core.StandardEngine     ] - Starting Servlet engine: [Apache Tomcat/9.0.62]
2022-05-19 16:42:38,774 INFO  [main      ] [o.a.c.c.C.[.[.[/v0.1]         ] - Initializing Spring embedded WebApplicationContext
2022-05-19 16:42:38,774 INFO  [main      ] [o.s.b.w.s.c.ServletWebServerApplicationContext] - Root WebApplicationContext: initialization completed in 1486 ms
2022-05-19 16:42:38,915 INFO  [main      ] [o.s.b.a.h.H2ConsoleAutoConfiguration] - H2 console available at '/h2'. Database available at 'jdbc:h2:tcp://localhost:9092/inbodydb'
2022-05-19 16:42:39,199 INFO  [main      ] [o.h.j.internal.util.LogHelper ] - HHH000204: Processing PersistenceUnitInfo [name: default]
2022-05-19 16:42:39,223 INFO  [main      ] [org.hibernate.Version         ] - HHH000412: Hibernate ORM core version 5.6.8.Final
2022-05-19 16:42:39,328 INFO  [main      ] [o.h.annotations.common.Version] - HCANN000001: Hibernate Commons Annotations {5.1.2.Final}
2022-05-19 16:42:39,383 INFO  [main      ] [org.hibernate.dialect.Dialect ] - HHH000400: Using dialect: org.hibernate.dialect.H2Dialect
2022-05-19 16:42:39,593 INFO  [main      ] [o.h.e.t.j.p.i.JtaPlatformInitiator] - HHH000490: Using JtaPlatform implementation: [org.hibernate.engine.transaction.jta.platform.internal.NoJtaPlatform]
2022-05-19 16:42:39,601 INFO  [main      ] [o.s.o.j.LocalContainerEntityManagerFactoryBean] - Initialized JPA EntityManagerFactory for persistence unit 'default'
2022-05-19 16:42:40,407 WARN  [main      ] [o.s.b.a.t.ThymeleafAutoConfiguration$DefaultTemplateResolverConfiguration] - Cannot find template location: classpath:templates/ (please add some templates or check your Thymeleaf configuration)
2022-05-19 16:42:40,727 INFO  [main      ] [o.s.b.w.e.t.TomcatWebServer   ] - Tomcat started on port(s): 8088 (http) with context path '/v0.1'
2022-05-19 16:42:40,739 INFO  [main      ] [o.t.RestApiPractice10Application] - Started RestApiPractice10Application in 4.028 seconds (JVM running for 4.509)
2022-05-19 16:42:58,643 INFO  [http-nio-8088-exec-2] [o.a.c.c.C.[.[.[/v0.1]         ] - Initializing Spring DispatcherServlet 'dispatcherServlet'
2022-05-19 16:42:58,644 INFO  [http-nio-8088-exec-2] [o.s.w.s.DispatcherServlet     ] - Initializing Servlet 'dispatcherServlet'
2022-05-19 16:42:58,648 INFO  [http-nio-8088-exec-2] [o.s.w.s.DispatcherServlet     ] - Completed initialization in 4 ms
2022-05-19 16:42:58,761 INFO  [http-nio-8088-exec-2] [o.t.c.r.TblInbodyRestController] - >>>>> reqHeaders: [user-agent:"PostmanRuntime/7.29.0", accept:"*/*", postman-token:"3951838d-3a25-4757-991b-456644647c61", host:"localhost:8088", accept-encoding:"gzip, deflate, br", connection:"keep-alive", content-length:"0"]
